<?xml version="1.0" encoding="UTF-8"?>
<!-- Generated by org.testng.reporters.JUnitReportReporter -->
<testsuite skipped="0" hostname="SS-VAIO" name="test.LoginTest" tests="1" failures="0" timestamp="2020-02-16T21:41:53 CST" time="11.996" errors="0">
  <testcase name="validUserShouldBeAbleToLogin" time="11.996" classname="test.LoginTest"/>
</testsuite> <!-- test.LoginTest -->
