<?xml version="1.0" encoding="UTF-8"?>
<!-- Generated by org.testng.reporters.JUnitReportReporter -->
<testsuite skipped="0" hostname="SS-VAIO" name="util.BrowserFactory" tests="1" failures="0" timestamp="2020-02-16T20:46:05 CST" time="8.375" errors="0">
  <testcase name="getBrowser" time="8.375" classname="util.BrowserFactory"/>
</testsuite> <!-- util.BrowserFactory -->
