<?xml version="1.0" encoding="UTF-8"?>
<!-- Generated by org.testng.reporters.JUnitReportReporter -->
<testsuite skipped="0" hostname="SS-VAIO" name="page.BasePage" tests="1" failures="0" timestamp="2020-02-16T20:32:19 CST" time="10.208" errors="0">
  <testcase name="getBrowser" time="10.208" classname="page.BasePage"/>
</testsuite> <!-- page.BasePage -->
