<?xml version="1.0" encoding="UTF-8"?>
<!-- Generated by org.testng.reporters.JUnitReportReporter -->
<testsuite skipped="0" hostname="SS-VAIO" name="test.DashboardTest" tests="1" failures="0" timestamp="17 Feb 2020 08:49:39 GMT" time="17.998" errors="0">
  <testcase name="createDraft" time="17.998" classname="test.DashboardTest"/>
</testsuite> <!-- test.DashboardTest -->
